<?xml version="1.0" encoding="UTF-8"?>
<!-- Generated by org.testng.reporters.JUnitXMLReporter -->
<testsuite hostname="DESKTOP-K66PPKL" ignored="0" name="Test" tests="4" failures="0" timestamp="21 二月 2019 06:31:10 GMT" time="7.464" errors="0">
  <testcase name="test3" time="0.015" classname="com.example.springBootTest.user.DemoTestng"/>
  <testcase name="test1" time="0.883" classname="com.example.springBootTest.user.DemoTestng"/>
  <testcase name="test2" time="0.002" classname="com.example.springBootTest.user.DemoTestng"/>
  <testcase name="f" time="0.003" classname="com.example.springBootTest.user.NewTest"/>
</testsuite> <!-- Test -->
